/usr/local/lib/python3.6/site-packages/tensorflow/python/framework/dtypes.py:516: FutureWarning: Passing (type, 1) or '1type' as a synonym of type is deprecated; in a future version of numpy, it will be understood as (type, (1,)) / '(1,)type'.
  _np_qint8 = np.dtype([("qint8", np.int8, 1)])
/usr/local/lib/python3.6/site-packages/tensorflow/python/framework/dtypes.py:517: FutureWarning: Passing (type, 1) or '1type' as a synonym of type is deprecated; in a future version of numpy, it will be understood as (type, (1,)) / '(1,)type'.
  _np_quint8 = np.dtype([("quint8", np.uint8, 1)])
/usr/local/lib/python3.6/site-packages/tensorflow/python/framework/dtypes.py:518: FutureWarning: Passing (type, 1) or '1type' as a synonym of type is deprecated; in a future version of numpy, it will be understood as (type, (1,)) / '(1,)type'.
  _np_qint16 = np.dtype([("qint16", np.int16, 1)])
/usr/local/lib/python3.6/site-packages/tensorflow/python/framework/dtypes.py:519: FutureWarning: Passing (type, 1) or '1type' as a synonym of type is deprecated; in a future version of numpy, it will be understood as (type, (1,)) / '(1,)type'.
  _np_quint16 = np.dtype([("quint16", np.uint16, 1)])
/usr/local/lib/python3.6/site-packages/tensorflow/python/framework/dtypes.py:520: FutureWarning: Passing (type, 1) or '1type' as a synonym of type is deprecated; in a future version of numpy, it will be understood as (type, (1,)) / '(1,)type'.
  _np_qint32 = np.dtype([("qint32", np.int32, 1)])
/usr/local/lib/python3.6/site-packages/tensorflow/python/framework/dtypes.py:525: FutureWarning: Passing (type, 1) or '1type' as a synonym of type is deprecated; in a future version of numpy, it will be understood as (type, (1,)) / '(1,)type'.
  np_resource = np.dtype([("resource", np.ubyte, 1)])
/usr/local/lib/python3.6/site-packages/tensorboard/compat/tensorflow_stub/dtypes.py:541: FutureWarning: Passing (type, 1) or '1type' as a synonym of type is deprecated; in a future version of numpy, it will be understood as (type, (1,)) / '(1,)type'.
  _np_qint8 = np.dtype([("qint8", np.int8, 1)])
/usr/local/lib/python3.6/site-packages/tensorboard/compat/tensorflow_stub/dtypes.py:542: FutureWarning: Passing (type, 1) or '1type' as a synonym of type is deprecated; in a future version of numpy, it will be understood as (type, (1,)) / '(1,)type'.
  _np_quint8 = np.dtype([("quint8", np.uint8, 1)])
/usr/local/lib/python3.6/site-packages/tensorboard/compat/tensorflow_stub/dtypes.py:543: FutureWarning: Passing (type, 1) or '1type' as a synonym of type is deprecated; in a future version of numpy, it will be understood as (type, (1,)) / '(1,)type'.
  _np_qint16 = np.dtype([("qint16", np.int16, 1)])
/usr/local/lib/python3.6/site-packages/tensorboard/compat/tensorflow_stub/dtypes.py:544: FutureWarning: Passing (type, 1) or '1type' as a synonym of type is deprecated; in a future version of numpy, it will be understood as (type, (1,)) / '(1,)type'.
  _np_quint16 = np.dtype([("quint16", np.uint16, 1)])
/usr/local/lib/python3.6/site-packages/tensorboard/compat/tensorflow_stub/dtypes.py:545: FutureWarning: Passing (type, 1) or '1type' as a synonym of type is deprecated; in a future version of numpy, it will be understood as (type, (1,)) / '(1,)type'.
  _np_qint32 = np.dtype([("qint32", np.int32, 1)])
/usr/local/lib/python3.6/site-packages/tensorboard/compat/tensorflow_stub/dtypes.py:550: FutureWarning: Passing (type, 1) or '1type' as a synonym of type is deprecated; in a future version of numpy, it will be understood as (type, (1,)) / '(1,)type'.
  np_resource = np.dtype([("resource", np.ubyte, 1)])
[]
load config.dat:  /hok_env/hok/env1v1.py
load config...
146[skill=80121]	127.0.0.1	35300	1000
 [('146', '80121'), '127.0.0.1', '35300', '1000'] /root/.hok/sgame_simulator.conf
146[skill=80121]	127.0.0.1	35301	1000
 [('146', '80121'), '127.0.0.1', '35301', '1000'] /root/.hok/sgame_simulator.conf
WARNING:tensorflow:From /code/code/common/algorithm.py:57: The name tf.placeholder is deprecated. Please use tf.compat.v1.placeholder instead.

W1115 23:58:31.164420 140695737509696 deprecation_wrapper.py:119] From /code/code/common/algorithm.py:57: The name tf.placeholder is deprecated. Please use tf.compat.v1.placeholder instead.

Build net:  725 172 512
WARNING:tensorflow:From /code/code/common/algorithm.py:394: The name tf.nn.rnn_cell.LSTMStateTuple is deprecated. Please use tf.compat.v1.nn.rnn_cell.LSTMStateTuple instead.

W1115 23:58:31.192405 140695737509696 deprecation_wrapper.py:119] From /code/code/common/algorithm.py:394: The name tf.nn.rnn_cell.LSTMStateTuple is deprecated. Please use tf.compat.v1.nn.rnn_cell.LSTMStateTuple instead.

WARNING:tensorflow:From /code/code/common/algorithm.py:413: The name tf.variable_scope is deprecated. Please use tf.compat.v1.variable_scope instead.

W1115 23:58:31.194861 140695737509696 deprecation_wrapper.py:119] From /code/code/common/algorithm.py:413: The name tf.variable_scope is deprecated. Please use tf.compat.v1.variable_scope instead.

WARNING:tensorflow:From /code/code/common/algorithm.py:1004: The name tf.get_variable is deprecated. Please use tf.compat.v1.get_variable instead.

W1115 23:58:31.255885 140695737509696 deprecation_wrapper.py:119] From /code/code/common/algorithm.py:1004: The name tf.get_variable is deprecated. Please use tf.compat.v1.get_variable instead.

WARNING:tensorflow:From /code/code/common/algorithm.py:503: The name tf.AUTO_REUSE is deprecated. Please use tf.compat.v1.AUTO_REUSE instead.

W1115 23:58:31.445385 140695737509696 deprecation_wrapper.py:119] From /code/code/common/algorithm.py:503: The name tf.AUTO_REUSE is deprecated. Please use tf.compat.v1.AUTO_REUSE instead.

WARNING:tensorflow:From /code/code/common/algorithm.py:549: The name tf.nn.max_pool is deprecated. Please use tf.nn.max_pool2d instead.

W1115 23:58:31.692275 140695737509696 deprecation_wrapper.py:119] From /code/code/common/algorithm.py:549: The name tf.nn.max_pool is deprecated. Please use tf.nn.max_pool2d instead.

WARNING:tensorflow:
The TensorFlow contrib module will not be included in TensorFlow 2.0.
For more information, please see:
  * https://github.com/tensorflow/community/blob/master/rfcs/20180907-contrib-sunset.md
  * https://github.com/tensorflow/addons
  * https://github.com/tensorflow/io (for I/O related ops)
If you depend on functionality not listed there, please file an issue.

W1115 23:58:33.619774 140695737509696 lazy_loader.py:50] 
The TensorFlow contrib module will not be included in TensorFlow 2.0.
For more information, please see:
  * https://github.com/tensorflow/community/blob/master/rfcs/20180907-contrib-sunset.md
  * https://github.com/tensorflow/addons
  * https://github.com/tensorflow/io (for I/O related ops)
If you depend on functionality not listed there, please file an issue.

WARNING:tensorflow:From /code/code/common/algorithm.py:900: BasicLSTMCell.__init__ (from tensorflow.python.ops.rnn_cell_impl) is deprecated and will be removed in a future version.
Instructions for updating:
This class is equivalent as tf.keras.layers.LSTMCell, and will be replaced by that in Tensorflow 2.0.
W1115 23:58:33.621557 140695737509696 deprecation.py:323] From /code/code/common/algorithm.py:900: BasicLSTMCell.__init__ (from tensorflow.python.ops.rnn_cell_impl) is deprecated and will be removed in a future version.
Instructions for updating:
This class is equivalent as tf.keras.layers.LSTMCell, and will be replaced by that in Tensorflow 2.0.
WARNING:tensorflow:From /usr/local/lib/python3.6/site-packages/tensorflow/python/ops/init_ops.py:1251: calling VarianceScaling.__init__ (from tensorflow.python.ops.init_ops) with dtype is deprecated and will be removed in a future version.
Instructions for updating:
Call initializer instance with the dtype argument instead of passing it to the constructor
W1115 23:58:33.636133 140695737509696 deprecation.py:506] From /usr/local/lib/python3.6/site-packages/tensorflow/python/ops/init_ops.py:1251: calling VarianceScaling.__init__ (from tensorflow.python.ops.init_ops) with dtype is deprecated and will be removed in a future version.
Instructions for updating:
Call initializer instance with the dtype argument instead of passing it to the constructor
WARNING:tensorflow:From /usr/local/lib/python3.6/site-packages/tensorflow/python/ops/rnn_cell_impl.py:738: calling Zeros.__init__ (from tensorflow.python.ops.init_ops) with dtype is deprecated and will be removed in a future version.
Instructions for updating:
Call initializer instance with the dtype argument instead of passing it to the constructor
W1115 23:58:33.652918 140695737509696 deprecation.py:506] From /usr/local/lib/python3.6/site-packages/tensorflow/python/ops/rnn_cell_impl.py:738: calling Zeros.__init__ (from tensorflow.python.ops.init_ops) with dtype is deprecated and will be removed in a future version.
Instructions for updating:
Call initializer instance with the dtype argument instead of passing it to the constructor
WARNING:tensorflow:Entity <bound method BasicLSTMCell.call of <tensorflow.python.ops.rnn_cell_impl.BasicLSTMCell object at 0x7ff5b2d5a4e0>> could not be transformed and will be executed as-is. Please report this to the AutgoGraph team. When filing the bug, set the verbosity to 10 (on Linux, `export AUTOGRAPH_VERBOSITY=10`) and attach the full output. Cause: converting <bound method BasicLSTMCell.call of <tensorflow.python.ops.rnn_cell_impl.BasicLSTMCell object at 0x7ff5b2d5a4e0>>: AttributeError: module 'gast' has no attribute 'Str'
W1115 23:58:33.815169 140695737509696 ag_logging.py:145] Entity <bound method BasicLSTMCell.call of <tensorflow.python.ops.rnn_cell_impl.BasicLSTMCell object at 0x7ff5b2d5a4e0>> could not be transformed and will be executed as-is. Please report this to the AutgoGraph team. When filing the bug, set the verbosity to 10 (on Linux, `export AUTOGRAPH_VERBOSITY=10`) and attach the full output. Cause: converting <bound method BasicLSTMCell.call of <tensorflow.python.ops.rnn_cell_impl.BasicLSTMCell object at 0x7ff5b2d5a4e0>>: AttributeError: module 'gast' has no attribute 'Str'
t shape (1, 32)
t shape (1, 32)
t shape (1, 32)
t shape (1, 32)
t shape (1, 32)
t shape (1, 32)
t shape (1, 32)
t shape (1, 32)
WARNING:tensorflow:From /code/code/common/algorithm.py:959: dense (from tensorflow.python.layers.core) is deprecated and will be removed in a future version.
Instructions for updating:
Use keras.layers.dense instead.
W1115 23:58:34.063096 140695737509696 deprecation.py:323] From /code/code/common/algorithm.py:959: dense (from tensorflow.python.layers.core) is deprecated and will be removed in a future version.
Instructions for updating:
Use keras.layers.dense instead.
WARNING:tensorflow:Entity <bound method Dense.call of <tensorflow.python.layers.core.Dense object at 0x7ff5936bfc88>> could not be transformed and will be executed as-is. Please report this to the AutgoGraph team. When filing the bug, set the verbosity to 10 (on Linux, `export AUTOGRAPH_VERBOSITY=10`) and attach the full output. Cause: converting <bound method Dense.call of <tensorflow.python.layers.core.Dense object at 0x7ff5936bfc88>>: AttributeError: module 'gast' has no attribute 'Index'
W1115 23:58:34.108619 140695737509696 ag_logging.py:145] Entity <bound method Dense.call of <tensorflow.python.layers.core.Dense object at 0x7ff5936bfc88>> could not be transformed and will be executed as-is. Please report this to the AutgoGraph team. When filing the bug, set the verbosity to 10 (on Linux, `export AUTOGRAPH_VERBOSITY=10`) and attach the full output. Cause: converting <bound method Dense.call of <tensorflow.python.layers.core.Dense object at 0x7ff5936bfc88>>: AttributeError: module 'gast' has no attribute 'Index'
WARNING:tensorflow:From /code/code/common/algorithm.py:100: flatten (from tensorflow.python.layers.core) is deprecated and will be removed in a future version.
Instructions for updating:
Use keras.layers.flatten instead.
W1115 23:58:34.265951 140695737509696 deprecation.py:323] From /code/code/common/algorithm.py:100: flatten (from tensorflow.python.layers.core) is deprecated and will be removed in a future version.
Instructions for updating:
Use keras.layers.flatten instead.
WARNING:tensorflow:Entity <bound method Flatten.call of <tensorflow.python.layers.core.Flatten object at 0x7ff5934abd30>> could not be transformed and will be executed as-is. Please report this to the AutgoGraph team. When filing the bug, set the verbosity to 10 (on Linux, `export AUTOGRAPH_VERBOSITY=10`) and attach the full output. Cause: converting <bound method Flatten.call of <tensorflow.python.layers.core.Flatten object at 0x7ff5934abd30>>: AttributeError: module 'gast' has no attribute 'Index'
W1115 23:58:34.287262 140695737509696 ag_logging.py:145] Entity <bound method Flatten.call of <tensorflow.python.layers.core.Flatten object at 0x7ff5934abd30>> could not be transformed and will be executed as-is. Please report this to the AutgoGraph team. When filing the bug, set the verbosity to 10 (on Linux, `export AUTOGRAPH_VERBOSITY=10`) and attach the full output. Cause: converting <bound method Flatten.call of <tensorflow.python.layers.core.Flatten object at 0x7ff5934abd30>>: AttributeError: module 'gast' has no attribute 'Index'
WARNING:tensorflow:Entity <bound method Flatten.call of <tensorflow.python.layers.core.Flatten object at 0x7ff593461198>> could not be transformed and will be executed as-is. Please report this to the AutgoGraph team. When filing the bug, set the verbosity to 10 (on Linux, `export AUTOGRAPH_VERBOSITY=10`) and attach the full output. Cause: converting <bound method Flatten.call of <tensorflow.python.layers.core.Flatten object at 0x7ff593461198>>: AttributeError: module 'gast' has no attribute 'Index'
W1115 23:58:34.314970 140695737509696 ag_logging.py:145] Entity <bound method Flatten.call of <tensorflow.python.layers.core.Flatten object at 0x7ff593461198>> could not be transformed and will be executed as-is. Please report this to the AutgoGraph team. When filing the bug, set the verbosity to 10 (on Linux, `export AUTOGRAPH_VERBOSITY=10`) and attach the full output. Cause: converting <bound method Flatten.call of <tensorflow.python.layers.core.Flatten object at 0x7ff593461198>>: AttributeError: module 'gast' has no attribute 'Index'
WARNING:tensorflow:From /code/code/common/algorithm.py:103: The name tf.global_variables_initializer is deprecated. Please use tf.compat.v1.global_variables_initializer instead.

W1115 23:58:34.320746 140695737509696 deprecation_wrapper.py:119] From /code/code/common/algorithm.py:103: The name tf.global_variables_initializer is deprecated. Please use tf.compat.v1.global_variables_initializer instead.

2022-11-15 23:58:34.329264: I tensorflow/core/platform/cpu_feature_guard.cc:142] Your CPU supports instructions that this TensorFlow binary was not compiled to use: AVX2 FMA
2022-11-15 23:58:34.341291: I tensorflow/core/platform/profile_utils/cpu_utils.cc:94] CPU Frequency: 2894550000 Hz
2022-11-15 23:58:34.343884: I tensorflow/compiler/xla/service/service.cc:168] XLA service 0x43468a0 executing computations on platform Host. Devices:
2022-11-15 23:58:34.344384: I tensorflow/compiler/xla/service/service.cc:175]   StreamExecutor device (0): <undefined>, <undefined>
WARNING:tensorflow:From /usr/local/lib/python3.6/site-packages/rl_framework/predictor/predictor/local_predictor.py:109: The name tf.train.Saver is deprecated. Please use tf.compat.v1.train.Saver instead.

W1115 23:58:34.345479 140695737509696 deprecation_wrapper.py:119] From /usr/local/lib/python3.6/site-packages/rl_framework/predictor/predictor/local_predictor.py:109: The name tf.train.Saver is deprecated. Please use tf.compat.v1.train.Saver instead.

I1115 23:58:34.591988 140695737509696 sample_manager.py:22] mempool list: ['localhost:35200']
I1115 23:58:34.592807 140695737509696 sample_manager.py:25] connect to mempool: localhost:35200
Use mem_pool_addr localhost:35200
/bin/sh: nvidia-smi: command not found
[{'hero': 'luban', 'skill': 'frenzy'}, {'hero': 'luban', 'skill': 'frenzy'}]
I1115 23:58:34.630671 140695737509696 actor.py:169] [{'hero': 'luban', 'skill': 'frenzy'}, {'hero': 'luban', 'skill': 'frenzy'}]
2022-11-15 23:58:34.983385: W tensorflow/compiler/jit/mark_for_compilation_pass.cc:1412] (One-time warning): Not using XLA:CPU for cluster because envvar TF_XLA_FLAGS=--tf_xla_cpu_global_jit was not set.  If you want XLA:CPU, either set that envvar, or use experimental_jit_scope to enable XLA:CPU.  To confirm that XLA is active, pass --vmodule=xla_compilation_cache=1 (as a proper command-line flag, not via TF_XLA_FLAGS) or set the envvar XLA_FLAGS=--xla_hlo_profile.
2022-11-15 23:58:35.074 | INFO     | rl_framework.common.logging:info:71 - load model: model_0 in /mnt/ramdisk/model/VYoAhkJUQBqgJxLOFIxjrCSzod947kqC/checkpoint
WARNING:tensorflow:From /usr/local/lib/python3.6/site-packages/tensorflow/python/training/saver.py:1276: checkpoint_exists (from tensorflow.python.training.checkpoint_management) is deprecated and will be removed in a future version.
Instructions for updating:
Use standard file APIs to check for files with this prefix.
W1115 23:58:35.075038 140695737509696 deprecation.py:323] From /usr/local/lib/python3.6/site-packages/tensorflow/python/training/saver.py:1276: checkpoint_exists (from tensorflow.python.training.checkpoint_management) is deprecated and will be removed in a future version.
Instructions for updating:
Use standard file APIs to check for files with this prefix.
INFO:tensorflow:Restoring parameters from /mnt/ramdisk/model/VYoAhkJUQBqgJxLOFIxjrCSzod947kqC/checkpoint/model.ckpt
I1115 23:58:35.078089 140695737509696 saver.py:1280] Restoring parameters from /mnt/ramdisk/model/VYoAhkJUQBqgJxLOFIxjrCSzod947kqC/checkpoint/model.ckpt
Pb2Struct::InitChangeType usedefault=offline
Pb2Struct::InitChangeType change_type=offline
Pb2Struct::InitMainHeroType, no main_hero_type, use default mvp
Pb2Struct::InitChangeType usedefault=offline
Pb2Struct::InitChangeType change_type=offline
Pb2Struct::InitMainHeroType, no main_hero_type, use default mvp
MapInfo::LoadSingleMap() key=map_pos_center1, value=-9154,48,-19950
MapInfo::LoadSingleMap() key=map_pos_center2, value=-9235,48,-20031
MapInfo::LoadSingleMap() key=map_pos_boundary_up, value=-15530,48,-4727
MapInfo::LoadSingleMap() key=map_pos_boundary_down, value=-10971,48,-21767
MapInfo::LoadSingleMap() key=map_split_edge_length, value=1000
MapInfo::LoadSingleMap() key=map_view_distance, value=15000
MapInfo::LoadSingleMap() key=map_length, value=113000
MapInfo::LoadSingleMap() key=game_type, value=5v5
MapInfo::LoadSingleMap() key=map_type, value=view_map
MapInfo::LoadSingleMap() key=map_pos_center, value=0,0,0
MapInfo::LoadSingleMap() key=map_pos_center1, value=-9154,48,-19950
MapInfo::LoadSingleMap() key=map_pos_center2, value=-9235,48,-20031
MapInfo::LoadSingleMap() key=map_pos_boundary_up, value=-15530,48,-4727
MapInfo::LoadSingleMap() key=map_pos_boundary_down, value=-10971,48,-21767
MapInfo::LoadSingleMap() key=map_split_edge_length, value=10000
MapInfo::LoadSingleMap() key=map_view_distance, value=56500
MapInfo::LoadSingleMap() key=map_length, value=113000
MapInfo::LoadSingleMap() key=game_type, value=5v5
MapInfo::LoadSingleMap() key=map_type, value=whole_map
MapInfo::LoadSingleMap() key=map_pos_center, value=0,0,0
MapInfo::LoadSingleMap() key=map_pos_center1, value=-9154,48,-19950
MapInfo::LoadSingleMap() key=map_pos_center2, value=-9235,48,-20031
MapInfo::LoadSingleMap() key=map_pos_boundary_up, value=-15530,48,-4727
MapInfo::LoadSingleMap() key=map_pos_boundary_down, value=-10971,48,-21767
MapInfo::LoadSingleMap() key=map_split_edge_length, value=4000
MapInfo::LoadSingleMap() key=map_view_distance, value=56500
MapInfo::LoadSingleMap() key=map_length, value=113000
MapInfo::LoadSingleMap() key=game_type, value=5v5
MapInfo::LoadSingleMap() key=map_type, value=whole_map
MapInfo::LoadSingleMap() key=map_pos_center, value=0,0,0
cmd.player_id 9
game not end, send close game at first 3099
game not end, send close game at first 3099
check game stopped.
game is killed? True
I1115 23:59:21.251626 140695737509696 actor.py:271] Tower ActorType.ACTOR_TOWER in camp Camp.PLAYERCAMP_1, hp: 5000
I1115 23:59:21.257604 140695737509696 actor.py:271] Tower ActorType.ACTOR_TOWER in camp Camp.PLAYERCAMP_2, hp: 0
I1115 23:59:21.261048 140695737509696 actor.py:271] Tower ActorType.ACTOR_CRYSTAL in camp Camp.PLAYERCAMP_1, hp: 7000
I1115 23:59:21.262924 140695737509696 actor.py:271] Tower ActorType.ACTOR_CRYSTAL in camp Camp.PLAYERCAMP_2, hp: 0
I1115 23:59:21.265696 140695737509696 actor.py:324] ==================================================
I1115 23:59:21.267038 140695737509696 actor.py:325] game_id : b'0.0.0.0_1342_0_20221115235841_149'
I1115 23:59:21.272580 140695737509696 actor.py:334] aiprocess_process | sum: 9909.282000000001 mean:9.724516192345439 max:600.574 times:1019
I1115 23:59:21.279350 140695737509696 actor.py:334] agent_process | sum: 10044.014 mean:9.856736015701667 max:600.64 times:1019
I1115 23:59:21.281244 140695737509696 actor.py:334] step | sum: 20216.638 mean:19.839684003925417 max:926.63 times:1019
I1115 23:59:21.283648 140695737509696 actor.py:334] one_frame | sum: 30399.502999999997 mean:29.832682041216877 max:933.804 times:1019
I1115 23:59:21.285518 140695737509696 actor.py:334] one_episode | sum: 46634.839 mean:46634.839 max:46634.839 times:1
I1115 23:59:21.287235 140695737509696 actor.py:334] reset | sum: 12465.419 mean:12465.419 max:12465.419 times:1
I1115 23:59:21.288996 140695737509696 actor.py:337] ==================================================
I1115 23:59:21.291737 140695737509696 actor.py:350] Agent is_main:True, type:network, camp:Camp.PLAYERCAMP_2,reward:-36.878, win:-1, win_112:-1,h_act_rate:1.0
I1115 23:59:21.293554 140695737509696 actor.py:359] Agent is_main:True, money_per_frame:0.12, kill:0, death:0, hurt_pf:0.00
I1115 23:59:21.294826 140695737509696 actor.py:103] {'reward': -36.87778586521745}
I1115 23:59:21.304535 140695737509696 actor.py:103] {'win': -1}
I1115 23:59:21.306685 140695737509696 actor.py:103] {'hurt_per_frame': 0.0}
I1115 23:59:21.316243 140695737509696 actor.py:103] {'money_per_frame': 0.12254111576910674}
I1115 23:59:21.329123 140695737509696 actor.py:103] {'money_per_frame': 0.12254111576910674}
I1115 23:59:21.330567 140695737509696 actor.py:103] {'totalHurtToHero': 0}
I1115 23:59:21.336329 140695737509696 actor.py:393] game info length:3101
I1115 23:59:21.346172 140695737509696 actor.py:395] ==================================================
[{'hero': 'luban', 'skill': 'frenzy'}, {'hero': 'luban', 'skill': 'frenzy'}]
I1115 23:59:21.354799 140695737509696 actor.py:169] [{'hero': 'luban', 'skill': 'frenzy'}, {'hero': 'luban', 'skill': 'frenzy'}]
2022-11-15 23:59:21.374 | INFO     | rl_framework.common.logging:info:71 - load model: model_0 in /mnt/ramdisk/model/VYoAhkJUQBqgJxLOFIxjrCSzod947kqC/checkpoint
INFO:tensorflow:Restoring parameters from /mnt/ramdisk/model/VYoAhkJUQBqgJxLOFIxjrCSzod947kqC/checkpoint/model.ckpt
I1115 23:59:21.381809 140695737509696 saver.py:1280] Restoring parameters from /mnt/ramdisk/model/VYoAhkJUQBqgJxLOFIxjrCSzod947kqC/checkpoint/model.ckpt
Pb2Struct::InitChangeType usedefault=offline
Pb2Struct::InitChangeType change_type=offline
Pb2Struct::InitMainHeroType, no main_hero_type, use default mvp
cmd.player_id 8
Pb2Struct::InitChangeType usedefault=offline
Pb2Struct::InitChangeType change_type=offline
Pb2Struct::InitMainHeroType, no main_hero_type, use default mvp
cmd.player_id 9
game is over!
gameover at frameno 6942 of 0!
game is over!
gameover at frameno 6942 of 1!
really gameover!!!
check game stopped.
game is killed? True
I1116 00:03:24.885609 140695737509696 actor.py:271] Tower ActorType.ACTOR_TOWER in camp Camp.PLAYERCAMP_1, hp: 4589
I1116 00:03:24.890510 140695737509696 actor.py:271] Tower ActorType.ACTOR_TOWER in camp Camp.PLAYERCAMP_2, hp: 0
I1116 00:03:24.892035 140695737509696 actor.py:271] Tower ActorType.ACTOR_CRYSTAL in camp Camp.PLAYERCAMP_1, hp: 7000
I1116 00:03:24.893585 140695737509696 actor.py:271] Tower ActorType.ACTOR_CRYSTAL in camp Camp.PLAYERCAMP_2, hp: 0
I1116 00:03:25.197207 140695737509696 actor.py:324] ==================================================
I1116 00:03:25.198914 140695737509696 actor.py:325] game_id : b'0.0.0.0_1351_0_20221115235924_148'
I1116 00:03:25.203786 140695737509696 actor.py:334] aiprocess_process | sum: 41612.062000000005 mean:9.206208407079647 max:1088.104 times:4520
I1116 00:03:25.207736 140695737509696 actor.py:334] sample_manger_format_data | sum: 176.699 mean:176.699 max:176.699 times:1
I1116 00:03:25.217664 140695737509696 actor.py:334] agent_process | sum: 42520.584 mean:18.814417699115044 max:1090.896 times:2260
I1116 00:03:25.220203 140695737509696 actor.py:334] step | sum: 179141.392 mean:79.26610265486725 max:23477.699 times:2260
I1116 00:03:25.223482 140695737509696 actor.py:334] save_sample | sum: 526.482 mean:0.23295663716814158 max:5.203 times:2260
I1116 00:03:25.226501 140695737509696 actor.py:334] one_frame | sum: 221952.259 mean:98.20896415929204 max:23493.453 times:2260
I1116 00:03:25.228700 140695737509696 actor.py:334] one_episode | sum: 243842.353 mean:243842.353 max:243842.353 times:1
I1116 00:03:25.230799 140695737509696 actor.py:334] reset | sum: 10558.554 mean:10558.554 max:10558.554 times:1
I1116 00:03:25.232428 140695737509696 actor.py:337] ==================================================
I1116 00:03:25.234300 140695737509696 actor.py:350] Agent is_main:False, type:network, camp:Camp.PLAYERCAMP_1,reward:59.624, win:1, win_112:1,h_act_rate:1.0
I1116 00:03:25.236390 140695737509696 actor.py:359] Agent is_main:False, money_per_frame:0.83, kill:1, death:0, hurt_pf:17.88
I1116 00:03:25.238197 140695737509696 actor.py:350] Agent is_main:False, type:network, camp:Camp.PLAYERCAMP_2,reward:-56.088, win:-1, win_112:-1,h_act_rate:1.0
I1116 00:03:25.239401 140695737509696 actor.py:359] Agent is_main:False, money_per_frame:0.25, kill:0, death:1, hurt_pf:5.12
I1116 00:03:25.240495 140695737509696 actor.py:393] game info length:6942
I1116 00:03:25.241985 140695737509696 actor.py:395] ==================================================
[{'hero': 'luban', 'skill': 'frenzy'}, {'hero': 'luban', 'skill': 'frenzy'}]
I1116 00:03:25.245028 140695737509696 actor.py:169] [{'hero': 'luban', 'skill': 'frenzy'}, {'hero': 'luban', 'skill': 'frenzy'}]
Pb2Struct::InitChangeType usedefault=offline
Pb2Struct::InitChangeType change_type=offline
Pb2Struct::InitMainHeroType, no main_hero_type, use default mvp
cmd.player_id 8
Pb2Struct::InitChangeType usedefault=offline
Pb2Struct::InitChangeType change_type=offline
Pb2Struct::InitMainHeroType, no main_hero_type, use default mvp
cmd.player_id 9
