/usr/local/lib/python3.6/site-packages/tensorflow/python/framework/dtypes.py:516: FutureWarning: Passing (type, 1) or '1type' as a synonym of type is deprecated; in a future version of numpy, it will be understood as (type, (1,)) / '(1,)type'.
  _np_qint8 = np.dtype([("qint8", np.int8, 1)])
/usr/local/lib/python3.6/site-packages/tensorflow/python/framework/dtypes.py:517: FutureWarning: Passing (type, 1) or '1type' as a synonym of type is deprecated; in a future version of numpy, it will be understood as (type, (1,)) / '(1,)type'.
  _np_quint8 = np.dtype([("quint8", np.uint8, 1)])
/usr/local/lib/python3.6/site-packages/tensorflow/python/framework/dtypes.py:518: FutureWarning: Passing (type, 1) or '1type' as a synonym of type is deprecated; in a future version of numpy, it will be understood as (type, (1,)) / '(1,)type'.
  _np_qint16 = np.dtype([("qint16", np.int16, 1)])
/usr/local/lib/python3.6/site-packages/tensorflow/python/framework/dtypes.py:519: FutureWarning: Passing (type, 1) or '1type' as a synonym of type is deprecated; in a future version of numpy, it will be understood as (type, (1,)) / '(1,)type'.
  _np_quint16 = np.dtype([("quint16", np.uint16, 1)])
/usr/local/lib/python3.6/site-packages/tensorflow/python/framework/dtypes.py:520: FutureWarning: Passing (type, 1) or '1type' as a synonym of type is deprecated; in a future version of numpy, it will be understood as (type, (1,)) / '(1,)type'.
  _np_qint32 = np.dtype([("qint32", np.int32, 1)])
/usr/local/lib/python3.6/site-packages/tensorflow/python/framework/dtypes.py:525: FutureWarning: Passing (type, 1) or '1type' as a synonym of type is deprecated; in a future version of numpy, it will be understood as (type, (1,)) / '(1,)type'.
  np_resource = np.dtype([("resource", np.ubyte, 1)])
/usr/local/lib/python3.6/site-packages/tensorboard/compat/tensorflow_stub/dtypes.py:541: FutureWarning: Passing (type, 1) or '1type' as a synonym of type is deprecated; in a future version of numpy, it will be understood as (type, (1,)) / '(1,)type'.
  _np_qint8 = np.dtype([("qint8", np.int8, 1)])
/usr/local/lib/python3.6/site-packages/tensorboard/compat/tensorflow_stub/dtypes.py:542: FutureWarning: Passing (type, 1) or '1type' as a synonym of type is deprecated; in a future version of numpy, it will be understood as (type, (1,)) / '(1,)type'.
  _np_quint8 = np.dtype([("quint8", np.uint8, 1)])
/usr/local/lib/python3.6/site-packages/tensorboard/compat/tensorflow_stub/dtypes.py:543: FutureWarning: Passing (type, 1) or '1type' as a synonym of type is deprecated; in a future version of numpy, it will be understood as (type, (1,)) / '(1,)type'.
  _np_qint16 = np.dtype([("qint16", np.int16, 1)])
/usr/local/lib/python3.6/site-packages/tensorboard/compat/tensorflow_stub/dtypes.py:544: FutureWarning: Passing (type, 1) or '1type' as a synonym of type is deprecated; in a future version of numpy, it will be understood as (type, (1,)) / '(1,)type'.
  _np_quint16 = np.dtype([("quint16", np.uint16, 1)])
/usr/local/lib/python3.6/site-packages/tensorboard/compat/tensorflow_stub/dtypes.py:545: FutureWarning: Passing (type, 1) or '1type' as a synonym of type is deprecated; in a future version of numpy, it will be understood as (type, (1,)) / '(1,)type'.
  _np_qint32 = np.dtype([("qint32", np.int32, 1)])
/usr/local/lib/python3.6/site-packages/tensorboard/compat/tensorflow_stub/dtypes.py:550: FutureWarning: Passing (type, 1) or '1type' as a synonym of type is deprecated; in a future version of numpy, it will be understood as (type, (1,)) / '(1,)type'.
  np_resource = np.dtype([("resource", np.ubyte, 1)])
[]
load config.dat:  /hok_env/hok/env1v1.py
load config...
146[skill=80121]	127.0.0.1	35300	1000
 [('146', '80121'), '127.0.0.1', '35300', '1000'] /root/.hok/sgame_simulator.conf
146[skill=80121]	127.0.0.1	35301	1000
 [('146', '80121'), '127.0.0.1', '35301', '1000'] /root/.hok/sgame_simulator.conf
WARNING:tensorflow:From /code/code/common/algorithm.py:57: The name tf.placeholder is deprecated. Please use tf.compat.v1.placeholder instead.

W1115 23:58:28.108073 140381985609536 deprecation_wrapper.py:119] From /code/code/common/algorithm.py:57: The name tf.placeholder is deprecated. Please use tf.compat.v1.placeholder instead.

Build net:  725 172 512
WARNING:tensorflow:From /code/code/common/algorithm.py:394: The name tf.nn.rnn_cell.LSTMStateTuple is deprecated. Please use tf.compat.v1.nn.rnn_cell.LSTMStateTuple instead.

W1115 23:58:28.150476 140381985609536 deprecation_wrapper.py:119] From /code/code/common/algorithm.py:394: The name tf.nn.rnn_cell.LSTMStateTuple is deprecated. Please use tf.compat.v1.nn.rnn_cell.LSTMStateTuple instead.

WARNING:tensorflow:From /code/code/common/algorithm.py:413: The name tf.variable_scope is deprecated. Please use tf.compat.v1.variable_scope instead.

W1115 23:58:28.153295 140381985609536 deprecation_wrapper.py:119] From /code/code/common/algorithm.py:413: The name tf.variable_scope is deprecated. Please use tf.compat.v1.variable_scope instead.

WARNING:tensorflow:From /code/code/common/algorithm.py:1004: The name tf.get_variable is deprecated. Please use tf.compat.v1.get_variable instead.

W1115 23:58:28.209346 140381985609536 deprecation_wrapper.py:119] From /code/code/common/algorithm.py:1004: The name tf.get_variable is deprecated. Please use tf.compat.v1.get_variable instead.

WARNING:tensorflow:From /code/code/common/algorithm.py:503: The name tf.AUTO_REUSE is deprecated. Please use tf.compat.v1.AUTO_REUSE instead.

W1115 23:58:28.387606 140381985609536 deprecation_wrapper.py:119] From /code/code/common/algorithm.py:503: The name tf.AUTO_REUSE is deprecated. Please use tf.compat.v1.AUTO_REUSE instead.

WARNING:tensorflow:From /code/code/common/algorithm.py:549: The name tf.nn.max_pool is deprecated. Please use tf.nn.max_pool2d instead.

W1115 23:58:28.559913 140381985609536 deprecation_wrapper.py:119] From /code/code/common/algorithm.py:549: The name tf.nn.max_pool is deprecated. Please use tf.nn.max_pool2d instead.

WARNING:tensorflow:
The TensorFlow contrib module will not be included in TensorFlow 2.0.
For more information, please see:
  * https://github.com/tensorflow/community/blob/master/rfcs/20180907-contrib-sunset.md
  * https://github.com/tensorflow/addons
  * https://github.com/tensorflow/io (for I/O related ops)
If you depend on functionality not listed there, please file an issue.

W1115 23:58:30.574732 140381985609536 lazy_loader.py:50] 
The TensorFlow contrib module will not be included in TensorFlow 2.0.
For more information, please see:
  * https://github.com/tensorflow/community/blob/master/rfcs/20180907-contrib-sunset.md
  * https://github.com/tensorflow/addons
  * https://github.com/tensorflow/io (for I/O related ops)
If you depend on functionality not listed there, please file an issue.

WARNING:tensorflow:From /code/code/common/algorithm.py:900: BasicLSTMCell.__init__ (from tensorflow.python.ops.rnn_cell_impl) is deprecated and will be removed in a future version.
Instructions for updating:
This class is equivalent as tf.keras.layers.LSTMCell, and will be replaced by that in Tensorflow 2.0.
W1115 23:58:30.578128 140381985609536 deprecation.py:323] From /code/code/common/algorithm.py:900: BasicLSTMCell.__init__ (from tensorflow.python.ops.rnn_cell_impl) is deprecated and will be removed in a future version.
Instructions for updating:
This class is equivalent as tf.keras.layers.LSTMCell, and will be replaced by that in Tensorflow 2.0.
WARNING:tensorflow:From /usr/local/lib/python3.6/site-packages/tensorflow/python/ops/init_ops.py:1251: calling VarianceScaling.__init__ (from tensorflow.python.ops.init_ops) with dtype is deprecated and will be removed in a future version.
Instructions for updating:
Call initializer instance with the dtype argument instead of passing it to the constructor
W1115 23:58:30.604257 140381985609536 deprecation.py:506] From /usr/local/lib/python3.6/site-packages/tensorflow/python/ops/init_ops.py:1251: calling VarianceScaling.__init__ (from tensorflow.python.ops.init_ops) with dtype is deprecated and will be removed in a future version.
Instructions for updating:
Call initializer instance with the dtype argument instead of passing it to the constructor
WARNING:tensorflow:From /usr/local/lib/python3.6/site-packages/tensorflow/python/ops/rnn_cell_impl.py:738: calling Zeros.__init__ (from tensorflow.python.ops.init_ops) with dtype is deprecated and will be removed in a future version.
Instructions for updating:
Call initializer instance with the dtype argument instead of passing it to the constructor
W1115 23:58:30.636207 140381985609536 deprecation.py:506] From /usr/local/lib/python3.6/site-packages/tensorflow/python/ops/rnn_cell_impl.py:738: calling Zeros.__init__ (from tensorflow.python.ops.init_ops) with dtype is deprecated and will be removed in a future version.
Instructions for updating:
Call initializer instance with the dtype argument instead of passing it to the constructor
WARNING:tensorflow:Entity <bound method BasicLSTMCell.call of <tensorflow.python.ops.rnn_cell_impl.BasicLSTMCell object at 0x7fad004be4e0>> could not be transformed and will be executed as-is. Please report this to the AutgoGraph team. When filing the bug, set the verbosity to 10 (on Linux, `export AUTOGRAPH_VERBOSITY=10`) and attach the full output. Cause: converting <bound method BasicLSTMCell.call of <tensorflow.python.ops.rnn_cell_impl.BasicLSTMCell object at 0x7fad004be4e0>>: AttributeError: module 'gast' has no attribute 'Str'
W1115 23:58:30.931680 140381985609536 ag_logging.py:145] Entity <bound method BasicLSTMCell.call of <tensorflow.python.ops.rnn_cell_impl.BasicLSTMCell object at 0x7fad004be4e0>> could not be transformed and will be executed as-is. Please report this to the AutgoGraph team. When filing the bug, set the verbosity to 10 (on Linux, `export AUTOGRAPH_VERBOSITY=10`) and attach the full output. Cause: converting <bound method BasicLSTMCell.call of <tensorflow.python.ops.rnn_cell_impl.BasicLSTMCell object at 0x7fad004be4e0>>: AttributeError: module 'gast' has no attribute 'Str'
t shape (1, 32)
t shape (1, 32)
t shape (1, 32)
t shape (1, 32)
t shape (1, 32)
t shape (1, 32)
t shape (1, 32)
t shape (1, 32)
WARNING:tensorflow:From /code/code/common/algorithm.py:959: dense (from tensorflow.python.layers.core) is deprecated and will be removed in a future version.
Instructions for updating:
Use keras.layers.dense instead.
W1115 23:58:31.320329 140381985609536 deprecation.py:323] From /code/code/common/algorithm.py:959: dense (from tensorflow.python.layers.core) is deprecated and will be removed in a future version.
Instructions for updating:
Use keras.layers.dense instead.
WARNING:tensorflow:Entity <bound method Dense.call of <tensorflow.python.layers.core.Dense object at 0x7fad2250c518>> could not be transformed and will be executed as-is. Please report this to the AutgoGraph team. When filing the bug, set the verbosity to 10 (on Linux, `export AUTOGRAPH_VERBOSITY=10`) and attach the full output. Cause: converting <bound method Dense.call of <tensorflow.python.layers.core.Dense object at 0x7fad2250c518>>: AttributeError: module 'gast' has no attribute 'Index'
W1115 23:58:31.382683 140381985609536 ag_logging.py:145] Entity <bound method Dense.call of <tensorflow.python.layers.core.Dense object at 0x7fad2250c518>> could not be transformed and will be executed as-is. Please report this to the AutgoGraph team. When filing the bug, set the verbosity to 10 (on Linux, `export AUTOGRAPH_VERBOSITY=10`) and attach the full output. Cause: converting <bound method Dense.call of <tensorflow.python.layers.core.Dense object at 0x7fad2250c518>>: AttributeError: module 'gast' has no attribute 'Index'
WARNING:tensorflow:From /code/code/common/algorithm.py:100: flatten (from tensorflow.python.layers.core) is deprecated and will be removed in a future version.
Instructions for updating:
Use keras.layers.flatten instead.
W1115 23:58:31.541747 140381985609536 deprecation.py:323] From /code/code/common/algorithm.py:100: flatten (from tensorflow.python.layers.core) is deprecated and will be removed in a future version.
Instructions for updating:
Use keras.layers.flatten instead.
WARNING:tensorflow:Entity <bound method Flatten.call of <tensorflow.python.layers.core.Flatten object at 0x7fac8634b550>> could not be transformed and will be executed as-is. Please report this to the AutgoGraph team. When filing the bug, set the verbosity to 10 (on Linux, `export AUTOGRAPH_VERBOSITY=10`) and attach the full output. Cause: converting <bound method Flatten.call of <tensorflow.python.layers.core.Flatten object at 0x7fac8634b550>>: AttributeError: module 'gast' has no attribute 'Index'
W1115 23:58:31.585535 140381985609536 ag_logging.py:145] Entity <bound method Flatten.call of <tensorflow.python.layers.core.Flatten object at 0x7fac8634b550>> could not be transformed and will be executed as-is. Please report this to the AutgoGraph team. When filing the bug, set the verbosity to 10 (on Linux, `export AUTOGRAPH_VERBOSITY=10`) and attach the full output. Cause: converting <bound method Flatten.call of <tensorflow.python.layers.core.Flatten object at 0x7fac8634b550>>: AttributeError: module 'gast' has no attribute 'Index'
WARNING:tensorflow:Entity <bound method Flatten.call of <tensorflow.python.layers.core.Flatten object at 0x7fac86301198>> could not be transformed and will be executed as-is. Please report this to the AutgoGraph team. When filing the bug, set the verbosity to 10 (on Linux, `export AUTOGRAPH_VERBOSITY=10`) and attach the full output. Cause: converting <bound method Flatten.call of <tensorflow.python.layers.core.Flatten object at 0x7fac86301198>>: AttributeError: module 'gast' has no attribute 'Index'
W1115 23:58:31.630441 140381985609536 ag_logging.py:145] Entity <bound method Flatten.call of <tensorflow.python.layers.core.Flatten object at 0x7fac86301198>> could not be transformed and will be executed as-is. Please report this to the AutgoGraph team. When filing the bug, set the verbosity to 10 (on Linux, `export AUTOGRAPH_VERBOSITY=10`) and attach the full output. Cause: converting <bound method Flatten.call of <tensorflow.python.layers.core.Flatten object at 0x7fac86301198>>: AttributeError: module 'gast' has no attribute 'Index'
WARNING:tensorflow:From /code/code/common/algorithm.py:103: The name tf.global_variables_initializer is deprecated. Please use tf.compat.v1.global_variables_initializer instead.

W1115 23:58:31.636612 140381985609536 deprecation_wrapper.py:119] From /code/code/common/algorithm.py:103: The name tf.global_variables_initializer is deprecated. Please use tf.compat.v1.global_variables_initializer instead.

2022-11-15 23:58:31.648615: I tensorflow/core/platform/cpu_feature_guard.cc:142] Your CPU supports instructions that this TensorFlow binary was not compiled to use: AVX2 FMA
2022-11-15 23:58:31.657804: I tensorflow/core/platform/profile_utils/cpu_utils.cc:94] CPU Frequency: 2894550000 Hz
2022-11-15 23:58:31.663116: I tensorflow/compiler/xla/service/service.cc:168] XLA service 0x4140920 executing computations on platform Host. Devices:
2022-11-15 23:58:31.663624: I tensorflow/compiler/xla/service/service.cc:175]   StreamExecutor device (0): <undefined>, <undefined>
WARNING:tensorflow:From /usr/local/lib/python3.6/site-packages/rl_framework/predictor/predictor/local_predictor.py:109: The name tf.train.Saver is deprecated. Please use tf.compat.v1.train.Saver instead.

W1115 23:58:31.664764 140381985609536 deprecation_wrapper.py:119] From /usr/local/lib/python3.6/site-packages/rl_framework/predictor/predictor/local_predictor.py:109: The name tf.train.Saver is deprecated. Please use tf.compat.v1.train.Saver instead.

I1115 23:58:32.000562 140381985609536 sample_manager.py:22] mempool list: ['localhost:35200']
I1115 23:58:32.001250 140381985609536 sample_manager.py:25] connect to mempool: localhost:35200
Use mem_pool_addr localhost:35200
/bin/sh: nvidia-smi: command not found
[{'hero': 'luban', 'skill': 'frenzy'}, {'hero': 'luban', 'skill': 'frenzy'}]
I1115 23:58:32.048820 140381985609536 actor.py:169] [{'hero': 'luban', 'skill': 'frenzy'}, {'hero': 'luban', 'skill': 'frenzy'}]
2022-11-15 23:58:32.071 | INFO     | rl_framework.common.logging:info:71 - load model: model_0 in /mnt/ramdisk/model/VYoAhkJUQBqgJxLOFIxjrCSzod947kqC/checkpoint
WARNING:tensorflow:From /usr/local/lib/python3.6/site-packages/tensorflow/python/training/saver.py:1276: checkpoint_exists (from tensorflow.python.training.checkpoint_management) is deprecated and will be removed in a future version.
Instructions for updating:
Use standard file APIs to check for files with this prefix.
W1115 23:58:32.072582 140381985609536 deprecation.py:323] From /usr/local/lib/python3.6/site-packages/tensorflow/python/training/saver.py:1276: checkpoint_exists (from tensorflow.python.training.checkpoint_management) is deprecated and will be removed in a future version.
Instructions for updating:
Use standard file APIs to check for files with this prefix.
INFO:tensorflow:Restoring parameters from /mnt/ramdisk/model/VYoAhkJUQBqgJxLOFIxjrCSzod947kqC/checkpoint/model.ckpt
I1115 23:58:32.078061 140381985609536 saver.py:1280] Restoring parameters from /mnt/ramdisk/model/VYoAhkJUQBqgJxLOFIxjrCSzod947kqC/checkpoint/model.ckpt
2022-11-15 23:58:32.469237: W tensorflow/compiler/jit/mark_for_compilation_pass.cc:1412] (One-time warning): Not using XLA:CPU for cluster because envvar TF_XLA_FLAGS=--tf_xla_cpu_global_jit was not set.  If you want XLA:CPU, either set that envvar, or use experimental_jit_scope to enable XLA:CPU.  To confirm that XLA is active, pass --vmodule=xla_compilation_cache=1 (as a proper command-line flag, not via TF_XLA_FLAGS) or set the envvar XLA_FLAGS=--xla_hlo_profile.
2022-11-15 23:58:32.509 | INFO     | rl_framework.common.logging:info:71 - load model: model_0 in /mnt/ramdisk/model/VYoAhkJUQBqgJxLOFIxjrCSzod947kqC/checkpoint
INFO:tensorflow:Restoring parameters from /mnt/ramdisk/model/VYoAhkJUQBqgJxLOFIxjrCSzod947kqC/checkpoint/model.ckpt
I1115 23:58:32.514015 140381985609536 saver.py:1280] Restoring parameters from /mnt/ramdisk/model/VYoAhkJUQBqgJxLOFIxjrCSzod947kqC/checkpoint/model.ckpt
Pb2Struct::InitChangeType usedefault=offline
Pb2Struct::InitChangeType change_type=offline
Pb2Struct::InitMainHeroType, no main_hero_type, use default mvp
Pb2Struct::InitChangeType usedefault=offline
Pb2Struct::InitChangeType change_type=offline
Pb2Struct::InitMainHeroType, no main_hero_type, use default mvp
MapInfo::LoadSingleMap() key=map_pos_center1, value=-9154,48,-19950
MapInfo::LoadSingleMap() key=map_pos_center2, value=-9235,48,-20031
MapInfo::LoadSingleMap() key=map_pos_boundary_up, value=-15530,48,-4727
MapInfo::LoadSingleMap() key=map_pos_boundary_down, value=-10971,48,-21767
MapInfo::LoadSingleMap() key=map_split_edge_length, value=1000
MapInfo::LoadSingleMap() key=map_view_distance, value=15000
MapInfo::LoadSingleMap() key=map_length, value=113000
MapInfo::LoadSingleMap() key=game_type, value=5v5
MapInfo::LoadSingleMap() key=map_type, value=view_map
MapInfo::LoadSingleMap() key=map_pos_center, value=0,0,0
MapInfo::LoadSingleMap() key=map_pos_center1, value=-9154,48,-19950
MapInfo::LoadSingleMap() key=map_pos_center2, value=-9235,48,-20031
MapInfo::LoadSingleMap() key=map_pos_boundary_up, value=-15530,48,-4727
MapInfo::LoadSingleMap() key=map_pos_boundary_down, value=-10971,48,-21767
MapInfo::LoadSingleMap() key=map_split_edge_length, value=10000
MapInfo::LoadSingleMap() key=map_view_distance, value=56500
MapInfo::LoadSingleMap() key=map_length, value=113000
MapInfo::LoadSingleMap() key=game_type, value=5v5
MapInfo::LoadSingleMap() key=map_type, value=whole_map
MapInfo::LoadSingleMap() key=map_pos_center, value=0,0,0
MapInfo::LoadSingleMap() key=map_pos_center1, value=-9154,48,-19950
MapInfo::LoadSingleMap() key=map_pos_center2, value=-9235,48,-20031
MapInfo::LoadSingleMap() key=map_pos_boundary_up, value=-15530,48,-4727
MapInfo::LoadSingleMap() key=map_pos_boundary_down, value=-10971,48,-21767
MapInfo::LoadSingleMap() key=map_split_edge_length, value=4000
MapInfo::LoadSingleMap() key=map_view_distance, value=56500
MapInfo::LoadSingleMap() key=map_length, value=113000
MapInfo::LoadSingleMap() key=game_type, value=5v5
MapInfo::LoadSingleMap() key=map_type, value=whole_map
MapInfo::LoadSingleMap() key=map_pos_center, value=0,0,0
cmd.player_id 8
Pb2Struct::InitChangeType usedefault=offline
Pb2Struct::InitChangeType change_type=offline
Pb2Struct::InitMainHeroType, no main_hero_type, use default mvp
cmd.player_id 9
game not end, send close game at first 8568
game not end, send close game at first 8568
check game stopped.
game is killed? True
I1116 00:03:29.926992 140381985609536 actor.py:271] Tower ActorType.ACTOR_TOWER in camp Camp.PLAYERCAMP_1, hp: 5000
I1116 00:03:29.940738 140381985609536 actor.py:271] Tower ActorType.ACTOR_TOWER in camp Camp.PLAYERCAMP_2, hp: 0
I1116 00:03:29.942260 140381985609536 actor.py:271] Tower ActorType.ACTOR_CRYSTAL in camp Camp.PLAYERCAMP_1, hp: 7000
I1116 00:03:29.944000 140381985609536 actor.py:271] Tower ActorType.ACTOR_CRYSTAL in camp Camp.PLAYERCAMP_2, hp: 0
I1116 00:03:30.626632 140381985609536 actor.py:324] ==================================================
I1116 00:03:30.628299 140381985609536 actor.py:325] game_id : b'0.0.0.0_1347_0_20221115235841_148'
I1116 00:03:30.637541 140381985609536 actor.py:334] aiprocess_process | sum: 58520.265 mean:10.390672052556818 max:2957.38 times:5632
I1116 00:03:30.642119 140381985609536 actor.py:334] sample_manger_format_data | sum: 425.403 mean:425.403 max:425.403 times:1
I1116 00:03:30.646557 140381985609536 actor.py:334] agent_process | sum: 61104.78199999999 mean:21.69914133522727 max:2967.865 times:2816
I1116 00:03:30.649800 140381985609536 actor.py:334] step | sum: 214701.54299999995 mean:76.24344566761361 max:16940.661 times:2816
I1116 00:03:30.662703 140381985609536 actor.py:334] save_sample | sum: 1980.364 mean:0.35162713068181817 max:10.343 times:5632
I1116 00:03:30.667682 140381985609536 actor.py:334] one_frame | sum: 276198.421 mean:98.08182563920454 max:16956.114 times:2816
I1116 00:03:30.670491 140381985609536 actor.py:334] one_episode | sum: 298577.863 mean:298577.863 max:298577.863 times:1
I1116 00:03:30.672089 140381985609536 actor.py:334] reset | sum: 16088.6 mean:16088.6 max:16088.6 times:1
I1116 00:03:30.673962 140381985609536 actor.py:337] ==================================================
I1116 00:03:30.676463 140381985609536 actor.py:350] Agent is_main:False, type:network, camp:Camp.PLAYERCAMP_1,reward:10.643, win:1, win_112:1,h_act_rate:1.0
I1116 00:03:30.678535 140381985609536 actor.py:359] Agent is_main:False, money_per_frame:0.08, kill:0, death:0, hurt_pf:0.00
I1116 00:03:30.680951 140381985609536 actor.py:350] Agent is_main:False, type:network, camp:Camp.PLAYERCAMP_2,reward:-8.376, win:-1, win_112:-1,h_act_rate:1.0
I1116 00:03:30.682972 140381985609536 actor.py:359] Agent is_main:False, money_per_frame:0.07, kill:0, death:0, hurt_pf:0.46
I1116 00:03:30.695248 140381985609536 actor.py:393] game info length:8570
I1116 00:03:30.696513 140381985609536 actor.py:395] ==================================================
[{'hero': 'luban', 'skill': 'frenzy'}, {'hero': 'luban', 'skill': 'frenzy'}]
I1116 00:03:30.698784 140381985609536 actor.py:169] [{'hero': 'luban', 'skill': 'frenzy'}, {'hero': 'luban', 'skill': 'frenzy'}]
Pb2Struct::InitChangeType usedefault=offline
Pb2Struct::InitChangeType change_type=offline
Pb2Struct::InitMainHeroType, no main_hero_type, use default mvp
cmd.player_id 8
Pb2Struct::InitChangeType usedefault=offline
Pb2Struct::InitChangeType change_type=offline
Pb2Struct::InitMainHeroType, no main_hero_type, use default mvp
cmd.player_id 9
