/usr/local/lib/python3.6/site-packages/tensorflow/python/framework/dtypes.py:516: FutureWarning: Passing (type, 1) or '1type' as a synonym of type is deprecated; in a future version of numpy, it will be understood as (type, (1,)) / '(1,)type'.
  _np_qint8 = np.dtype([("qint8", np.int8, 1)])
/usr/local/lib/python3.6/site-packages/tensorflow/python/framework/dtypes.py:517: FutureWarning: Passing (type, 1) or '1type' as a synonym of type is deprecated; in a future version of numpy, it will be understood as (type, (1,)) / '(1,)type'.
  _np_quint8 = np.dtype([("quint8", np.uint8, 1)])
/usr/local/lib/python3.6/site-packages/tensorflow/python/framework/dtypes.py:518: FutureWarning: Passing (type, 1) or '1type' as a synonym of type is deprecated; in a future version of numpy, it will be understood as (type, (1,)) / '(1,)type'.
  _np_qint16 = np.dtype([("qint16", np.int16, 1)])
/usr/local/lib/python3.6/site-packages/tensorflow/python/framework/dtypes.py:519: FutureWarning: Passing (type, 1) or '1type' as a synonym of type is deprecated; in a future version of numpy, it will be understood as (type, (1,)) / '(1,)type'.
  _np_quint16 = np.dtype([("quint16", np.uint16, 1)])
/usr/local/lib/python3.6/site-packages/tensorflow/python/framework/dtypes.py:520: FutureWarning: Passing (type, 1) or '1type' as a synonym of type is deprecated; in a future version of numpy, it will be understood as (type, (1,)) / '(1,)type'.
  _np_qint32 = np.dtype([("qint32", np.int32, 1)])
/usr/local/lib/python3.6/site-packages/tensorflow/python/framework/dtypes.py:525: FutureWarning: Passing (type, 1) or '1type' as a synonym of type is deprecated; in a future version of numpy, it will be understood as (type, (1,)) / '(1,)type'.
  np_resource = np.dtype([("resource", np.ubyte, 1)])
/usr/local/lib/python3.6/site-packages/tensorboard/compat/tensorflow_stub/dtypes.py:541: FutureWarning: Passing (type, 1) or '1type' as a synonym of type is deprecated; in a future version of numpy, it will be understood as (type, (1,)) / '(1,)type'.
  _np_qint8 = np.dtype([("qint8", np.int8, 1)])
/usr/local/lib/python3.6/site-packages/tensorboard/compat/tensorflow_stub/dtypes.py:542: FutureWarning: Passing (type, 1) or '1type' as a synonym of type is deprecated; in a future version of numpy, it will be understood as (type, (1,)) / '(1,)type'.
  _np_quint8 = np.dtype([("quint8", np.uint8, 1)])
/usr/local/lib/python3.6/site-packages/tensorboard/compat/tensorflow_stub/dtypes.py:543: FutureWarning: Passing (type, 1) or '1type' as a synonym of type is deprecated; in a future version of numpy, it will be understood as (type, (1,)) / '(1,)type'.
  _np_qint16 = np.dtype([("qint16", np.int16, 1)])
/usr/local/lib/python3.6/site-packages/tensorboard/compat/tensorflow_stub/dtypes.py:544: FutureWarning: Passing (type, 1) or '1type' as a synonym of type is deprecated; in a future version of numpy, it will be understood as (type, (1,)) / '(1,)type'.
  _np_quint16 = np.dtype([("quint16", np.uint16, 1)])
/usr/local/lib/python3.6/site-packages/tensorboard/compat/tensorflow_stub/dtypes.py:545: FutureWarning: Passing (type, 1) or '1type' as a synonym of type is deprecated; in a future version of numpy, it will be understood as (type, (1,)) / '(1,)type'.
  _np_qint32 = np.dtype([("qint32", np.int32, 1)])
/usr/local/lib/python3.6/site-packages/tensorboard/compat/tensorflow_stub/dtypes.py:550: FutureWarning: Passing (type, 1) or '1type' as a synonym of type is deprecated; in a future version of numpy, it will be understood as (type, (1,)) / '(1,)type'.
  np_resource = np.dtype([("resource", np.ubyte, 1)])
[]
load config.dat:  /hok_env/hok/env1v1.py
load config...
146[skill=80121]	127.0.0.1	35300	1000
 [('146', '80121'), '127.0.0.1', '35300', '1000'] /root/.hok/sgame_simulator.conf
146[skill=80121]	127.0.0.1	35301	1000
 [('146', '80121'), '127.0.0.1', '35301', '1000'] /root/.hok/sgame_simulator.conf
WARNING:tensorflow:From /code/code/common/algorithm.py:57: The name tf.placeholder is deprecated. Please use tf.compat.v1.placeholder instead.

W1115 23:58:28.089746 140411565053760 deprecation_wrapper.py:119] From /code/code/common/algorithm.py:57: The name tf.placeholder is deprecated. Please use tf.compat.v1.placeholder instead.

Build net:  725 172 512
WARNING:tensorflow:From /code/code/common/algorithm.py:394: The name tf.nn.rnn_cell.LSTMStateTuple is deprecated. Please use tf.compat.v1.nn.rnn_cell.LSTMStateTuple instead.

W1115 23:58:28.131464 140411565053760 deprecation_wrapper.py:119] From /code/code/common/algorithm.py:394: The name tf.nn.rnn_cell.LSTMStateTuple is deprecated. Please use tf.compat.v1.nn.rnn_cell.LSTMStateTuple instead.

WARNING:tensorflow:From /code/code/common/algorithm.py:413: The name tf.variable_scope is deprecated. Please use tf.compat.v1.variable_scope instead.

W1115 23:58:28.133751 140411565053760 deprecation_wrapper.py:119] From /code/code/common/algorithm.py:413: The name tf.variable_scope is deprecated. Please use tf.compat.v1.variable_scope instead.

WARNING:tensorflow:From /code/code/common/algorithm.py:1004: The name tf.get_variable is deprecated. Please use tf.compat.v1.get_variable instead.

W1115 23:58:28.199080 140411565053760 deprecation_wrapper.py:119] From /code/code/common/algorithm.py:1004: The name tf.get_variable is deprecated. Please use tf.compat.v1.get_variable instead.

WARNING:tensorflow:From /code/code/common/algorithm.py:503: The name tf.AUTO_REUSE is deprecated. Please use tf.compat.v1.AUTO_REUSE instead.

W1115 23:58:28.374394 140411565053760 deprecation_wrapper.py:119] From /code/code/common/algorithm.py:503: The name tf.AUTO_REUSE is deprecated. Please use tf.compat.v1.AUTO_REUSE instead.

WARNING:tensorflow:From /code/code/common/algorithm.py:549: The name tf.nn.max_pool is deprecated. Please use tf.nn.max_pool2d instead.

W1115 23:58:28.554742 140411565053760 deprecation_wrapper.py:119] From /code/code/common/algorithm.py:549: The name tf.nn.max_pool is deprecated. Please use tf.nn.max_pool2d instead.

WARNING:tensorflow:
The TensorFlow contrib module will not be included in TensorFlow 2.0.
For more information, please see:
  * https://github.com/tensorflow/community/blob/master/rfcs/20180907-contrib-sunset.md
  * https://github.com/tensorflow/addons
  * https://github.com/tensorflow/io (for I/O related ops)
If you depend on functionality not listed there, please file an issue.

W1115 23:58:30.500448 140411565053760 lazy_loader.py:50] 
The TensorFlow contrib module will not be included in TensorFlow 2.0.
For more information, please see:
  * https://github.com/tensorflow/community/blob/master/rfcs/20180907-contrib-sunset.md
  * https://github.com/tensorflow/addons
  * https://github.com/tensorflow/io (for I/O related ops)
If you depend on functionality not listed there, please file an issue.

WARNING:tensorflow:From /code/code/common/algorithm.py:900: BasicLSTMCell.__init__ (from tensorflow.python.ops.rnn_cell_impl) is deprecated and will be removed in a future version.
Instructions for updating:
This class is equivalent as tf.keras.layers.LSTMCell, and will be replaced by that in Tensorflow 2.0.
W1115 23:58:30.503191 140411565053760 deprecation.py:323] From /code/code/common/algorithm.py:900: BasicLSTMCell.__init__ (from tensorflow.python.ops.rnn_cell_impl) is deprecated and will be removed in a future version.
Instructions for updating:
This class is equivalent as tf.keras.layers.LSTMCell, and will be replaced by that in Tensorflow 2.0.
WARNING:tensorflow:From /usr/local/lib/python3.6/site-packages/tensorflow/python/ops/init_ops.py:1251: calling VarianceScaling.__init__ (from tensorflow.python.ops.init_ops) with dtype is deprecated and will be removed in a future version.
Instructions for updating:
Call initializer instance with the dtype argument instead of passing it to the constructor
W1115 23:58:30.527677 140411565053760 deprecation.py:506] From /usr/local/lib/python3.6/site-packages/tensorflow/python/ops/init_ops.py:1251: calling VarianceScaling.__init__ (from tensorflow.python.ops.init_ops) with dtype is deprecated and will be removed in a future version.
Instructions for updating:
Call initializer instance with the dtype argument instead of passing it to the constructor
WARNING:tensorflow:From /usr/local/lib/python3.6/site-packages/tensorflow/python/ops/rnn_cell_impl.py:738: calling Zeros.__init__ (from tensorflow.python.ops.init_ops) with dtype is deprecated and will be removed in a future version.
Instructions for updating:
Call initializer instance with the dtype argument instead of passing it to the constructor
W1115 23:58:30.561249 140411565053760 deprecation.py:506] From /usr/local/lib/python3.6/site-packages/tensorflow/python/ops/rnn_cell_impl.py:738: calling Zeros.__init__ (from tensorflow.python.ops.init_ops) with dtype is deprecated and will be removed in a future version.
Instructions for updating:
Call initializer instance with the dtype argument instead of passing it to the constructor
WARNING:tensorflow:Entity <bound method BasicLSTMCell.call of <tensorflow.python.ops.rnn_cell_impl.BasicLSTMCell object at 0x7fb3e35e94a8>> could not be transformed and will be executed as-is. Please report this to the AutgoGraph team. When filing the bug, set the verbosity to 10 (on Linux, `export AUTOGRAPH_VERBOSITY=10`) and attach the full output. Cause: converting <bound method BasicLSTMCell.call of <tensorflow.python.ops.rnn_cell_impl.BasicLSTMCell object at 0x7fb3e35e94a8>>: AttributeError: module 'gast' has no attribute 'Str'
W1115 23:58:30.873428 140411565053760 ag_logging.py:145] Entity <bound method BasicLSTMCell.call of <tensorflow.python.ops.rnn_cell_impl.BasicLSTMCell object at 0x7fb3e35e94a8>> could not be transformed and will be executed as-is. Please report this to the AutgoGraph team. When filing the bug, set the verbosity to 10 (on Linux, `export AUTOGRAPH_VERBOSITY=10`) and attach the full output. Cause: converting <bound method BasicLSTMCell.call of <tensorflow.python.ops.rnn_cell_impl.BasicLSTMCell object at 0x7fb3e35e94a8>>: AttributeError: module 'gast' has no attribute 'Str'
t shape (1, 32)
t shape (1, 32)
t shape (1, 32)
t shape (1, 32)
t shape (1, 32)
t shape (1, 32)
t shape (1, 32)
t shape (1, 32)
WARNING:tensorflow:From /code/code/common/algorithm.py:959: dense (from tensorflow.python.layers.core) is deprecated and will be removed in a future version.
Instructions for updating:
Use keras.layers.dense instead.
W1115 23:58:31.243834 140411565053760 deprecation.py:323] From /code/code/common/algorithm.py:959: dense (from tensorflow.python.layers.core) is deprecated and will be removed in a future version.
Instructions for updating:
Use keras.layers.dense instead.
WARNING:tensorflow:Entity <bound method Dense.call of <tensorflow.python.layers.core.Dense object at 0x7fb36d6a9f98>> could not be transformed and will be executed as-is. Please report this to the AutgoGraph team. When filing the bug, set the verbosity to 10 (on Linux, `export AUTOGRAPH_VERBOSITY=10`) and attach the full output. Cause: converting <bound method Dense.call of <tensorflow.python.layers.core.Dense object at 0x7fb36d6a9f98>>: AttributeError: module 'gast' has no attribute 'Index'
W1115 23:58:31.301756 140411565053760 ag_logging.py:145] Entity <bound method Dense.call of <tensorflow.python.layers.core.Dense object at 0x7fb36d6a9f98>> could not be transformed and will be executed as-is. Please report this to the AutgoGraph team. When filing the bug, set the verbosity to 10 (on Linux, `export AUTOGRAPH_VERBOSITY=10`) and attach the full output. Cause: converting <bound method Dense.call of <tensorflow.python.layers.core.Dense object at 0x7fb36d6a9f98>>: AttributeError: module 'gast' has no attribute 'Index'
WARNING:tensorflow:From /code/code/common/algorithm.py:100: flatten (from tensorflow.python.layers.core) is deprecated and will be removed in a future version.
Instructions for updating:
Use keras.layers.flatten instead.
W1115 23:58:31.455885 140411565053760 deprecation.py:323] From /code/code/common/algorithm.py:100: flatten (from tensorflow.python.layers.core) is deprecated and will be removed in a future version.
Instructions for updating:
Use keras.layers.flatten instead.
WARNING:tensorflow:Entity <bound method Flatten.call of <tensorflow.python.layers.core.Flatten object at 0x7fb36d4965c0>> could not be transformed and will be executed as-is. Please report this to the AutgoGraph team. When filing the bug, set the verbosity to 10 (on Linux, `export AUTOGRAPH_VERBOSITY=10`) and attach the full output. Cause: converting <bound method Flatten.call of <tensorflow.python.layers.core.Flatten object at 0x7fb36d4965c0>>: AttributeError: module 'gast' has no attribute 'Index'
W1115 23:58:31.482875 140411565053760 ag_logging.py:145] Entity <bound method Flatten.call of <tensorflow.python.layers.core.Flatten object at 0x7fb36d4965c0>> could not be transformed and will be executed as-is. Please report this to the AutgoGraph team. When filing the bug, set the verbosity to 10 (on Linux, `export AUTOGRAPH_VERBOSITY=10`) and attach the full output. Cause: converting <bound method Flatten.call of <tensorflow.python.layers.core.Flatten object at 0x7fb36d4965c0>>: AttributeError: module 'gast' has no attribute 'Index'
WARNING:tensorflow:Entity <bound method Flatten.call of <tensorflow.python.layers.core.Flatten object at 0x7fb3e35e94a8>> could not be transformed and will be executed as-is. Please report this to the AutgoGraph team. When filing the bug, set the verbosity to 10 (on Linux, `export AUTOGRAPH_VERBOSITY=10`) and attach the full output. Cause: converting <bound method Flatten.call of <tensorflow.python.layers.core.Flatten object at 0x7fb3e35e94a8>>: AttributeError: module 'gast' has no attribute 'Index'
W1115 23:58:31.529525 140411565053760 ag_logging.py:145] Entity <bound method Flatten.call of <tensorflow.python.layers.core.Flatten object at 0x7fb3e35e94a8>> could not be transformed and will be executed as-is. Please report this to the AutgoGraph team. When filing the bug, set the verbosity to 10 (on Linux, `export AUTOGRAPH_VERBOSITY=10`) and attach the full output. Cause: converting <bound method Flatten.call of <tensorflow.python.layers.core.Flatten object at 0x7fb3e35e94a8>>: AttributeError: module 'gast' has no attribute 'Index'
WARNING:tensorflow:From /code/code/common/algorithm.py:103: The name tf.global_variables_initializer is deprecated. Please use tf.compat.v1.global_variables_initializer instead.

W1115 23:58:31.536389 140411565053760 deprecation_wrapper.py:119] From /code/code/common/algorithm.py:103: The name tf.global_variables_initializer is deprecated. Please use tf.compat.v1.global_variables_initializer instead.

2022-11-15 23:58:31.549855: I tensorflow/core/platform/cpu_feature_guard.cc:142] Your CPU supports instructions that this TensorFlow binary was not compiled to use: AVX2 FMA
2022-11-15 23:58:31.560096: I tensorflow/core/platform/profile_utils/cpu_utils.cc:94] CPU Frequency: 2894550000 Hz
2022-11-15 23:58:31.567667: I tensorflow/compiler/xla/service/service.cc:168] XLA service 0x4b16950 executing computations on platform Host. Devices:
2022-11-15 23:58:31.568241: I tensorflow/compiler/xla/service/service.cc:175]   StreamExecutor device (0): <undefined>, <undefined>
WARNING:tensorflow:From /usr/local/lib/python3.6/site-packages/rl_framework/predictor/predictor/local_predictor.py:109: The name tf.train.Saver is deprecated. Please use tf.compat.v1.train.Saver instead.

W1115 23:58:31.571859 140411565053760 deprecation_wrapper.py:119] From /usr/local/lib/python3.6/site-packages/rl_framework/predictor/predictor/local_predictor.py:109: The name tf.train.Saver is deprecated. Please use tf.compat.v1.train.Saver instead.

I1115 23:58:31.918985 140411565053760 sample_manager.py:22] mempool list: ['localhost:35200']
I1115 23:58:31.919697 140411565053760 sample_manager.py:25] connect to mempool: localhost:35200
Use mem_pool_addr localhost:35200
/bin/sh: nvidia-smi: command not found
[{'hero': 'luban', 'skill': 'frenzy'}, {'hero': 'luban', 'skill': 'frenzy'}]
I1115 23:58:31.969821 140411565053760 actor.py:169] [{'hero': 'luban', 'skill': 'frenzy'}, {'hero': 'luban', 'skill': 'frenzy'}]
2022-11-15 23:58:31.983 | INFO     | rl_framework.common.logging:info:71 - load model: model_0 in /mnt/ramdisk/model/VYoAhkJUQBqgJxLOFIxjrCSzod947kqC/checkpoint
WARNING:tensorflow:From /usr/local/lib/python3.6/site-packages/tensorflow/python/training/saver.py:1276: checkpoint_exists (from tensorflow.python.training.checkpoint_management) is deprecated and will be removed in a future version.
Instructions for updating:
Use standard file APIs to check for files with this prefix.
W1115 23:58:31.984156 140411565053760 deprecation.py:323] From /usr/local/lib/python3.6/site-packages/tensorflow/python/training/saver.py:1276: checkpoint_exists (from tensorflow.python.training.checkpoint_management) is deprecated and will be removed in a future version.
Instructions for updating:
Use standard file APIs to check for files with this prefix.
INFO:tensorflow:Restoring parameters from /mnt/ramdisk/model/VYoAhkJUQBqgJxLOFIxjrCSzod947kqC/checkpoint/model.ckpt
I1115 23:58:31.988750 140411565053760 saver.py:1280] Restoring parameters from /mnt/ramdisk/model/VYoAhkJUQBqgJxLOFIxjrCSzod947kqC/checkpoint/model.ckpt
2022-11-15 23:58:32.410868: W tensorflow/compiler/jit/mark_for_compilation_pass.cc:1412] (One-time warning): Not using XLA:CPU for cluster because envvar TF_XLA_FLAGS=--tf_xla_cpu_global_jit was not set.  If you want XLA:CPU, either set that envvar, or use experimental_jit_scope to enable XLA:CPU.  To confirm that XLA is active, pass --vmodule=xla_compilation_cache=1 (as a proper command-line flag, not via TF_XLA_FLAGS) or set the envvar XLA_FLAGS=--xla_hlo_profile.
2022-11-15 23:58:32.456 | INFO     | rl_framework.common.logging:info:71 - load model: model_0 in /mnt/ramdisk/model/VYoAhkJUQBqgJxLOFIxjrCSzod947kqC/checkpoint
INFO:tensorflow:Restoring parameters from /mnt/ramdisk/model/VYoAhkJUQBqgJxLOFIxjrCSzod947kqC/checkpoint/model.ckpt
I1115 23:58:32.458342 140411565053760 saver.py:1280] Restoring parameters from /mnt/ramdisk/model/VYoAhkJUQBqgJxLOFIxjrCSzod947kqC/checkpoint/model.ckpt
Pb2Struct::InitChangeType usedefault=offline
Pb2Struct::InitChangeType change_type=offline
Pb2Struct::InitMainHeroType, no main_hero_type, use default mvp
Pb2Struct::InitChangeType usedefault=offline
Pb2Struct::InitChangeType change_type=offline
Pb2Struct::InitMainHeroType, no main_hero_type, use default mvp
MapInfo::LoadSingleMap() key=map_pos_center1, value=-9154,48,-19950
MapInfo::LoadSingleMap() key=map_pos_center2, value=-9235,48,-20031
MapInfo::LoadSingleMap() key=map_pos_boundary_up, value=-15530,48,-4727
MapInfo::LoadSingleMap() key=map_pos_boundary_down, value=-10971,48,-21767
MapInfo::LoadSingleMap() key=map_split_edge_length, value=1000
MapInfo::LoadSingleMap() key=map_view_distance, value=15000
MapInfo::LoadSingleMap() key=map_length, value=113000
MapInfo::LoadSingleMap() key=game_type, value=5v5
MapInfo::LoadSingleMap() key=map_type, value=view_map
MapInfo::LoadSingleMap() key=map_pos_center, value=0,0,0
MapInfo::LoadSingleMap() key=map_pos_center1, value=-9154,48,-19950
MapInfo::LoadSingleMap() key=map_pos_center2, value=-9235,48,-20031
MapInfo::LoadSingleMap() key=map_pos_boundary_up, value=-15530,48,-4727
MapInfo::LoadSingleMap() key=map_pos_boundary_down, value=-10971,48,-21767
MapInfo::LoadSingleMap() key=map_split_edge_length, value=10000
MapInfo::LoadSingleMap() key=map_view_distance, value=56500
MapInfo::LoadSingleMap() key=map_length, value=113000
MapInfo::LoadSingleMap() key=game_type, value=5v5
MapInfo::LoadSingleMap() key=map_type, value=whole_map
MapInfo::LoadSingleMap() key=map_pos_center, value=0,0,0
MapInfo::LoadSingleMap() key=map_pos_center1, value=-9154,48,-19950
MapInfo::LoadSingleMap() key=map_pos_center2, value=-9235,48,-20031
MapInfo::LoadSingleMap() key=map_pos_boundary_up, value=-15530,48,-4727
MapInfo::LoadSingleMap() key=map_pos_boundary_down, value=-10971,48,-21767
MapInfo::LoadSingleMap() key=map_split_edge_length, value=4000
MapInfo::LoadSingleMap() key=map_view_distance, value=56500
MapInfo::LoadSingleMap() key=map_length, value=113000
MapInfo::LoadSingleMap() key=game_type, value=5v5
MapInfo::LoadSingleMap() key=map_type, value=whole_map
MapInfo::LoadSingleMap() key=map_pos_center, value=0,0,0
cmd.player_id 8
Pb2Struct::InitChangeType usedefault=offline
Pb2Struct::InitChangeType change_type=offline
Pb2Struct::InitMainHeroType, no main_hero_type, use default mvp
cmd.player_id 9
game not end, send close game at first 7876
game not end, send close game at first 7876
check game stopped.
game is killed? True
I1116 00:02:30.963621 140411565053760 actor.py:271] Tower ActorType.ACTOR_TOWER in camp Camp.PLAYERCAMP_1, hp: 0
I1116 00:02:30.978068 140411565053760 actor.py:271] Tower ActorType.ACTOR_TOWER in camp Camp.PLAYERCAMP_2, hp: 3519
I1116 00:02:30.979180 140411565053760 actor.py:271] Tower ActorType.ACTOR_CRYSTAL in camp Camp.PLAYERCAMP_1, hp: 0
I1116 00:02:30.980747 140411565053760 actor.py:271] Tower ActorType.ACTOR_CRYSTAL in camp Camp.PLAYERCAMP_2, hp: 7000
I1116 00:02:31.317958 140411565053760 actor.py:324] ==================================================
I1116 00:02:31.318980 140411565053760 actor.py:325] game_id : b'0.0.0.0_1346_0_20221115235841_148'
I1116 00:02:31.324524 140411565053760 actor.py:334] aiprocess_process | sum: 51585.081 mean:9.985497677119628 max:2956.814 times:5166
I1116 00:02:31.326423 140411565053760 actor.py:334] sample_manger_format_data | sum: 181.856 mean:181.856 max:181.856 times:1
I1116 00:02:31.330121 140411565053760 actor.py:334] agent_process | sum: 53846.94 mean:20.846666666666668 max:2963.694 times:2583
I1116 00:02:31.332174 140411565053760 actor.py:334] step | sum: 163176.52000000002 mean:63.17325590398762 max:16995.09 times:2583
I1116 00:02:31.336485 140411565053760 actor.py:334] save_sample | sum: 1694.903 mean:0.32808807588075883 max:10.375 times:5166
I1116 00:02:31.338604 140411565053760 actor.py:334] one_frame | sum: 217381.655 mean:84.15859659310878 max:17016.785 times:2583
I1116 00:02:31.340109 140411565053760 actor.py:334] one_episode | sum: 239348.095 mean:239348.095 max:239348.095 times:1
I1116 00:02:31.341426 140411565053760 actor.py:334] reset | sum: 16238.187 mean:16238.187 max:16238.187 times:1
I1116 00:02:31.342476 140411565053760 actor.py:337] ==================================================
I1116 00:02:31.343582 140411565053760 actor.py:350] Agent is_main:False, type:network, camp:Camp.PLAYERCAMP_1,reward:-9.247, win:-1, win_112:-1,h_act_rate:1.0
I1116 00:02:31.344363 140411565053760 actor.py:359] Agent is_main:False, money_per_frame:0.20, kill:0, death:1, hurt_pf:2.66
I1116 00:02:31.345415 140411565053760 actor.py:350] Agent is_main:False, type:network, camp:Camp.PLAYERCAMP_2,reward:9.233, win:1, win_112:1,h_act_rate:1.0
I1116 00:02:31.346369 140411565053760 actor.py:359] Agent is_main:False, money_per_frame:0.22, kill:0, death:1, hurt_pf:2.43
I1116 00:02:31.358230 140411565053760 actor.py:393] game info length:7878
I1116 00:02:31.359101 140411565053760 actor.py:395] ==================================================
[{'hero': 'luban', 'skill': 'frenzy'}, {'hero': 'luban', 'skill': 'frenzy'}]
I1116 00:02:31.361208 140411565053760 actor.py:169] [{'hero': 'luban', 'skill': 'frenzy'}, {'hero': 'luban', 'skill': 'frenzy'}]
Pb2Struct::InitChangeType usedefault=offline
Pb2Struct::InitChangeType change_type=offline
Pb2Struct::InitMainHeroType, no main_hero_type, use default mvp
cmd.player_id 8
Pb2Struct::InitChangeType usedefault=offline
Pb2Struct::InitChangeType change_type=offline
Pb2Struct::InitMainHeroType, no main_hero_type, use default mvp
cmd.player_id 9
