2022-11-15 23:58:31,969 INFO actor.py[line:169]                actor[_run_episode] 140225386460992 [{'hero': 'luban', 'skill': 'frenzy'}, {'hero': 'luban', 'skill': 'frenzy'}]
2022-11-15 23:58:31,986 WARNING deprecation.py[line:323]                deprecation[new_func] 140225386460992 From /usr/local/lib/python3.6/site-packages/tensorflow/python/training/saver.py:1276: checkpoint_exists (from tensorflow.python.training.checkpoint_management) is deprecated and will be removed in a future version.
Instructions for updating:
Use standard file APIs to check for files with this prefix.
2022-11-15 23:58:31,990 INFO saver.py[line:1280]                saver[restore] 140225386460992 Restoring parameters from /mnt/ramdisk/model/VYoAhkJUQBqgJxLOFIxjrCSzod947kqC/checkpoint/model.ckpt
2022-11-15 23:58:32,446 INFO saver.py[line:1280]                saver[restore] 140225386460992 Restoring parameters from /mnt/ramdisk/model/VYoAhkJUQBqgJxLOFIxjrCSzod947kqC/checkpoint/model.ckpt
2022-11-16 00:03:08,908 INFO actor.py[line:271]                actor[_run_episode] 140225386460992 Tower ActorType.ACTOR_TOWER in camp Camp.PLAYERCAMP_1, hp: 5000
2022-11-16 00:03:08,957 INFO actor.py[line:271]                actor[_run_episode] 140225386460992 Tower ActorType.ACTOR_TOWER in camp Camp.PLAYERCAMP_2, hp: 0
2022-11-16 00:03:08,959 INFO actor.py[line:271]                actor[_run_episode] 140225386460992 Tower ActorType.ACTOR_CRYSTAL in camp Camp.PLAYERCAMP_1, hp: 7000
2022-11-16 00:03:08,960 INFO actor.py[line:271]                actor[_run_episode] 140225386460992 Tower ActorType.ACTOR_CRYSTAL in camp Camp.PLAYERCAMP_2, hp: 0
2022-11-16 00:03:09,272 INFO actor.py[line:324]                actor[_print_info] 140225386460992 ==================================================
2022-11-16 00:03:09,273 INFO actor.py[line:325]                actor[_print_info] 140225386460992 game_id : b'0.0.0.0_1343_0_20221115235841_148'
2022-11-16 00:03:09,283 INFO actor.py[line:334]                actor[_print_info] 140225386460992 aiprocess_process | sum: 50610.864 mean:9.393256124721605 max:503.214 times:5388
2022-11-16 00:03:09,285 INFO actor.py[line:334]                actor[_print_info] 140225386460992 sample_manger_format_data | sum: 159.162 mean:159.162 max:159.162 times:1
2022-11-16 00:03:09,289 INFO actor.py[line:334]                actor[_print_info] 140225386460992 agent_process | sum: 51736.762 mean:19.20444023756496 max:978.072 times:2694
2022-11-16 00:03:09,291 INFO actor.py[line:334]                actor[_print_info] 140225386460992 step | sum: 200795.63900000002 mean:74.5343871566444 max:23435.514 times:2694
2022-11-16 00:03:09,297 INFO actor.py[line:334]                actor[_print_info] 140225386460992 save_sample | sum: 691.186 mean:0.2565649591685227 max:8.365 times:2694
2022-11-16 00:03:09,307 INFO actor.py[line:334]                actor[_print_info] 140225386460992 one_frame | sum: 252907.70299999998 mean:93.87813771343725 max:23453.136 times:2694
2022-11-16 00:03:09,309 INFO actor.py[line:334]                actor[_print_info] 140225386460992 one_episode | sum: 277302.428 mean:277302.428 max:277302.428 times:1
2022-11-16 00:03:09,310 INFO actor.py[line:334]                actor[_print_info] 140225386460992 reset | sum: 15842.873 mean:15842.873 max:15842.873 times:1
2022-11-16 00:03:09,313 INFO actor.py[line:337]                actor[_print_info] 140225386460992 ==================================================
2022-11-16 00:03:09,315 INFO actor.py[line:350]                actor[_print_info] 140225386460992 Agent is_main:False, type:network, camp:Camp.PLAYERCAMP_1,reward:31.128, win:1, win_112:1,h_act_rate:1.0
2022-11-16 00:03:09,318 INFO actor.py[line:359]                actor[_print_info] 140225386460992 Agent is_main:False, money_per_frame:0.27, kill:0, death:0, hurt_pf:2.41
2022-11-16 00:03:09,319 INFO actor.py[line:350]                actor[_print_info] 140225386460992 Agent is_main:False, type:network, camp:Camp.PLAYERCAMP_2,reward:-28.698, win:-1, win_112:-1,h_act_rate:1.0
2022-11-16 00:03:09,321 INFO actor.py[line:359]                actor[_print_info] 140225386460992 Agent is_main:False, money_per_frame:0.06, kill:0, death:0, hurt_pf:0.00
2022-11-16 00:03:09,324 INFO actor.py[line:393]                actor[_print_info] 140225386460992 game info length:8167
2022-11-16 00:03:09,328 INFO actor.py[line:395]                actor[_print_info] 140225386460992 ==================================================
2022-11-16 00:03:09,330 INFO actor.py[line:169]                actor[_run_episode] 140225386460992 [{'hero': 'luban', 'skill': 'frenzy'}, {'hero': 'luban', 'skill': 'frenzy'}]
